<?xml version="1.0" encoding="UTF-8"?>
<testng-results ignored="0" total="1" passed="1" failed="0" skipped="0">
  <reporter-output>
  </reporter-output>
  <suite started-at="2023-04-18T17:13:07 IST" name="Suite" finished-at="2023-04-18T17:13:13 IST" duration-ms="6126">
    <groups>
    </groups>
    <test started-at="2023-04-18T17:13:07 IST" name="Test" finished-at="2023-04-18T17:13:13 IST" duration-ms="6126">
      <class name="org.example.Example">
        <test-method signature="exampleTest()[pri:0, instance:org.example.Example@442675e1]" started-at="2023-04-18T17:13:07 IST" name="exampleTest" finished-at="2023-04-18T17:13:11 IST" duration-ms="4012" status="PASS">
          <reporter-output>
          </reporter-output>
        </test-method> <!-- exampleTest -->
        <test-method is-config="true" signature="tearDown()[pri:0, instance:org.example.Example@442675e1]" started-at="2023-04-18T17:13:11 IST" name="tearDown" finished-at="2023-04-18T17:13:13 IST" duration-ms="2099" status="PASS">
          <reporter-output>
          </reporter-output>
        </test-method> <!-- tearDown -->
      </class> <!-- org.example.Example -->
    </test> <!-- Test -->
  </suite> <!-- Suite -->
</testng-results>
