<?xml version="1.0" encoding="UTF-8"?>
<testng-results ignored="0" total="1" passed="1" failed="0" skipped="0">
  <reporter-output>
  </reporter-output>
  <suite started-at="2023-04-18T17:28:11 IST" name="Suite" finished-at="2023-04-18T17:28:17 IST" duration-ms="6739">
    <groups>
    </groups>
    <test started-at="2023-04-18T17:28:11 IST" name="Test" finished-at="2023-04-18T17:28:17 IST" duration-ms="6739">
      <class name="org.percy.TestWebsite">
        <test-method signature="exampleTest()[pri:0, instance:org.percy.TestWebsite@442675e1]" started-at="2023-04-18T17:28:11 IST" name="exampleTest" finished-at="2023-04-18T17:28:15 IST" duration-ms="4643" status="PASS">
          <reporter-output>
          </reporter-output>
        </test-method> <!-- exampleTest -->
        <test-method is-config="true" signature="tearDown()[pri:0, instance:org.percy.TestWebsite@442675e1]" started-at="2023-04-18T17:28:15 IST" name="tearDown" finished-at="2023-04-18T17:28:17 IST" duration-ms="2082" status="PASS">
          <reporter-output>
          </reporter-output>
        </test-method> <!-- tearDown -->
      </class> <!-- org.percy.TestWebsite -->
    </test> <!-- Test -->
  </suite> <!-- Suite -->
</testng-results>
